\BOOKMARK [1][-]{section.1}{\376\377\000D\000i\000j\000k\000s\000t\000r\000a\000:\000\040\000k\000\374\000r\000z\000e\000s\000t\000e\000\040\000W\000e\000g\000e\000\040\000i\000n\000\040\000e\000i\000n\000e\000m\000\040\000G\000r\000a\000p\000h\000e\000n}{}% 1
\BOOKMARK [2][-]{subsection.1.1}{\376\377\000N\000o\000t\000w\000e\000n\000d\000i\000g\000e\000\040\000B\000i\000b\000l\000i\000o\000t\000h\000e\000k\000e\000n\000\040\000i\000m\000p\000o\000r\000t\000i\000e\000r\000e\000n}{section.1}% 2
\BOOKMARK [2][-]{subsection.1.2}{\376\377\000G\000r\000a\000p\000h\000\040\000\050\000K\000a\000n\000t\000e\000n\000,\000\040\000K\000n\000o\000t\000e\000n\000,\000\040\000G\000e\000w\000i\000c\000h\000t\000\051\000\040\000a\000u\000s\000\040\000e\000i\000n\000e\000r\000\040\000D\000a\000t\000e\000i\000\040\000e\000i\000n\000l\000e\000s\000e\000n}{section.1}% 3
\BOOKMARK [2][-]{subsection.1.3}{\376\377\000D\000e\000r\000\040\000G\000r\000a\000p\000h\000\040\000w\000i\000r\000d\000\040\000a\000u\000s\000\040\000d\000e\000n\000\040\000D\000a\000t\000e\000n\000\040\000k\000o\000n\000s\000t\000r\000u\000i\000e\000r\000t}{section.1}% 4
\BOOKMARK [2][-]{subsection.1.4}{\376\377\000Z\000e\000i\000g\000\040\000m\000a\000l\000\040\000d\000e\000n\000\040\000G\000r\000a\000p\000h\000e\000n}{section.1}% 5
\BOOKMARK [2][-]{subsection.1.5}{\376\377\000K\000o\000n\000t\000r\000o\000l\000l\000e\000:\000\040\000H\000a\000t\000\040\000d\000a\000s\000\040\000E\000i\000n\000l\000e\000s\000e\000n\000\040\000d\000e\000r\000\040\000D\000a\000t\000e\000n\000\040\000g\000e\000k\000l\000a\000p\000p\000t\000?}{section.1}% 6
\BOOKMARK [2][-]{subsection.1.6}{\376\377\000E\000i\000n\000i\000g\000e\000\040\000H\000i\000l\000f\000s\000f\000u\000n\000k\000t\000i\000o\000n\000e\000n}{section.1}% 7
\BOOKMARK [3][-]{subsubsection.1.6.1}{\376\377\000I\000n\000f\000o\000r\000m\000a\000t\000i\000o\000n\000e\000n\000\040\000\374\000b\000e\000r\000\040\000K\000n\000o\000t\000e\000n\000;\000\040\000M\000a\000r\000k\000i\000e\000r\000e\000n\000\040\000v\000o\000n\000\040\000K\000n\000o\000t\000e\000n}{subsection.1.6}% 8
\BOOKMARK [3][-]{subsubsection.1.6.2}{\376\377\000K\000n\000o\000t\000e\000n\000\040\000k\000\366\000n\000n\000e\000n\000\040\000b\000e\000s\000u\000c\000h\000t\000\040\000w\000e\000r\000d\000e\000n}{subsection.1.6}% 9
\BOOKMARK [3][-]{subsubsection.1.6.3}{\376\377\000W\000i\000r\000\040\000f\000i\000n\000d\000e\000n\000\040\000F\000o\000l\000g\000e\000k\000n\000o\000t\000e\000n}{subsection.1.6}% 10
\BOOKMARK [3][-]{subsubsection.1.6.4}{\376\377\000W\000i\000r\000\040\000f\000i\000n\000d\000e\000n\000\040\000l\000o\000k\000a\000l\000e\000\040\000S\000c\000h\000n\000i\000t\000t\000k\000a\000n\000t\000e\000n}{subsection.1.6}% 11
\BOOKMARK [3][-]{subsubsection.1.6.5}{\376\377\000W\000i\000r\000\040\000f\000i\000n\000d\000e\000n\000\040\000S\000c\000h\000n\000i\000t\000t\000k\000a\000n\000t\000e\000n}{subsection.1.6}% 12
\BOOKMARK [3][-]{subsubsection.1.6.6}{\376\377\000M\000a\000r\000k\000i\000e\000r\000u\000n\000g\000\040\000v\000o\000n\000\040\000b\000e\000s\000u\000c\000h\000t\000e\000n\000\040\000K\000n\000o\000t\000e\000n}{subsection.1.6}% 13
\BOOKMARK [2][-]{subsection.1.7}{\376\377\000D\000i\000j\000k\000s\000t\000r\000a\000\040\000`\000`\000Z\000u\000\040\000F\000u\000\337\000'\000'\000\040\000l\000\366\000s\000e\000n\000:\000\040\000V\000o\000n\000\040\000B\000e\000r\000l\000i\000n\000\040\000n\000a\000c\000h\000\040\000M\000\374\000n\000c\000h\000e\000n}{section.1}% 14
\BOOKMARK [3][-]{subsubsection.1.7.1}{\376\377\000B\000e\000r\000l\000i\000n\000\040\000i\000s\000t\000\040\000b\000e\000r\000e\000i\000t\000s\000\040\000b\000e\000s\000u\000c\000h\000t\000!}{subsection.1.7}% 15
\BOOKMARK [3][-]{subsubsection.1.7.2}{\376\377\000W\000e\000l\000c\000h\000e\000r\000\040\000O\000r\000t\000\040\000i\000s\000t\000\040\000B\000e\000r\000l\000i\000n\000\040\000a\000m\000\040\000n\000\344\000c\000h\000s\000t\000e\000n\000?}{subsection.1.7}% 16
\BOOKMARK [3][-]{subsubsection.1.7.3}{\376\377\000J\000e\000t\000z\000t\000\040\000g\000e\000h\000t\000'\000s\000\040\000w\000e\000i\000t\000e\000r\000:\000\040\000v\000o\000n\000\040\000B\000e\000r\000l\000i\000n\000\040\000o\000d\000e\000r\000\040\000v\000o\000n\000\040\000P\000o\000t\000s\000d\000a\000m\000?}{subsection.1.7}% 17
\BOOKMARK [3][-]{subsubsection.1.7.4}{\376\377\000J\000e\000t\000z\000t\000\040\000i\000s\000t\000\040\000a\000l\000l\000e\000s\000\040\000k\000l\000a\000r\000!\000?}{subsection.1.7}% 18
\BOOKMARK [2][-]{subsection.1.8}{\376\377\000A\000b\000\040\000h\000i\000e\000r\000\040\000d\000i\000e\000\040\000s\000c\000h\000r\000i\000t\000t\000w\000e\000i\000s\000e\000\040\000L\000\366\000s\000u\000n\000g}{section.1}% 19
\BOOKMARK [3][-]{subsubsection.1.8.1}{\376\377\000W\000i\000r\000\040\000s\000i\000n\000d\000\040\000i\000n\000\040\000M\000\374\000n\000c\000h\000e\000n\000\040\000a\000n\000g\000e\000k\000o\000m\000m\000e\000n\000!}{subsection.1.8}% 20
\BOOKMARK [3][-]{subsubsection.1.8.2}{\376\377\000W\000i\000r\000\040\000k\000\366\000n\000n\000e\000n\000\040\000a\000u\000c\000h\000\040\000d\000e\000n\000\040\000b\000e\000s\000t\000e\000n\000\040\000W\000e\000g\000\040\000v\000o\000n\000\040\000B\000e\000r\000l\000i\000n\000\040\000n\000a\000c\000h\000\040\000M\000\374\000n\000s\000t\000e\000r\000\040\000f\000i\000n\000d\000e\000n\000:}{subsection.1.8}% 21
